<?xml version="1.0" encoding="UTF-8"?>
<!-- Generated by org.testng.reporters.JUnitReportReporter -->
<testsuite hostname="IN-HVB0BK3" failures="0" tests="1" name="com.apiverification.Tests_Delete" time="1.806" errors="0" timestamp="2024-07-29T23:24:32 IST" skipped="0">
  <testcase classname="com.apiverification.Tests_Delete" name="test_01_Delete" time="1.806"/>
</testsuite> <!-- com.apiverification.Tests_Delete -->
