<?xml version="1.0" encoding="UTF-8"?>
<!-- Generated by org.testng.reporters.JUnitReportReporter -->
<testsuite hostname="IN-HVB0BK3" failures="0" tests="1" name="Tests_GET" time="2.166" errors="0" timestamp="2024-07-29T22:42:32 IST" skipped="0">
  <testcase classname="Tests_GET" name="test_1" time="2.166"/>
</testsuite> <!-- Tests_GET -->
