<?xml version="1.0" encoding="UTF-8"?>
<!-- Generated by org.testng.reporters.JUnitReportReporter -->
<testsuite hostname="IN-HVB0BK3" failures="0" tests="1" name="com.apiverification.Tests_Patch" time="1.913" errors="0" timestamp="2024-07-29T23:24:14 IST" skipped="0">
  <testcase classname="com.apiverification.Tests_Patch" name="test_01_Patch" time="1.913"/>
</testsuite> <!-- com.apiverification.Tests_Patch -->
