<?xml version="1.0" encoding="UTF-8"?>
<!-- Generated by org.testng.reporters.JUnitReportReporter -->
<testsuite hostname="IN-HVB0BK3" failures="0" tests="1" name="com.apiverification.Tests_Put" time="1.826" errors="0" timestamp="2024-07-29T23:23:55 IST" skipped="0">
  <testcase classname="com.apiverification.Tests_Put" name="test_01_Put" time="1.826"/>
</testsuite> <!-- com.apiverification.Tests_Put -->
