<?xml version="1.0" encoding="UTF-8"?>
<!-- Generated by org.testng.reporters.JUnitReportReporter -->
<testsuite hostname="IN-HVB0BK3" failures="0" tests="1" name="Tests_POST" time="1.781" errors="0" timestamp="2024-07-29T23:16:09 IST" skipped="0">
  <testcase classname="Tests_POST" name="test_04_Delete" time="1.781"/>
</testsuite> <!-- Tests_POST -->
