<?xml version="1.0" encoding="UTF-8"?>
<!-- Generated by org.testng.reporters.JUnitReportReporter -->
<testsuite hostname="IN-HVB0BK3" failures="0" tests="1" name="com.apiverification.LocalApi_Test" time="1.535" errors="0" timestamp="2024-07-30T00:39:46 IST" skipped="0">
  <testcase classname="com.apiverification.LocalApi_Test" name="test_Delete" time="1.535"/>
</testsuite> <!-- com.apiverification.LocalApi_Test -->
