<?xml version="1.0" encoding="UTF-8"?>
<!-- Generated by org.testng.reporters.JUnitReportReporter -->
<testsuite hostname="IN-HVB0BK3" failures="0" tests="2" name="Test01_Get" time="2.549" errors="0" timestamp="2024-10-12T17:29:34 IST" skipped="0">
  <testcase classname="Test01_Get" name="test_01" time="1.628"/>
  <testcase classname="Test01_Get" name="test_02_Get" time="0.921"/>
</testsuite> <!-- Test01_Get -->
