<?xml version="1.0" encoding="UTF-8"?>
<!-- Generated by org.testng.reporters.JUnitReportReporter -->
<testsuite hostname="IN-HVB0BK3" failures="0" tests="1" name="Tests_Delete" time="0.548" errors="0" timestamp="2024-10-12T17:29:34 IST" skipped="0">
  <testcase classname="Tests_Delete" name="test_01_Delete" time="0.548"/>
</testsuite> <!-- Tests_Delete -->
