<?xml version="1.0" encoding="UTF-8"?>
<!-- Generated by org.testng.reporters.JUnitReportReporter -->
<testsuite hostname="IN-HVB0BK3" failures="0" tests="1" name="com.Tests_POST" time="0.462" errors="0" timestamp="2024-10-12T17:23:15 IST" skipped="0">
  <testcase classname="com.Tests_POST" name="test_01_Post" time="0.462"/>
</testsuite> <!-- com.Tests_POST -->
