<?xml version="1.0" encoding="UTF-8"?>
<!-- Generated by org.testng.reporters.JUnitReportReporter -->
<testsuite hostname="IN-HVB0BK3" failures="0" tests="2" name="com.Test01_Get" time="1.421" errors="0" timestamp="2024-10-12T17:23:15 IST" skipped="0">
  <testcase classname="com.Test01_Get" name="test_01" time="0.478"/>
  <testcase classname="com.Test01_Get" name="test_02_Get" time="0.943"/>
</testsuite> <!-- com.Test01_Get -->
