<?xml version="1.0" encoding="UTF-8"?>
<!-- Generated by org.testng.reporters.JUnitReportReporter -->
<testsuite hostname="IN-HVB0BK3" failures="0" tests="1" name="Tests_Put" time="0.469" errors="0" timestamp="2024-10-12T17:29:34 IST" skipped="0">
  <testcase classname="Tests_Put" name="test_01_Put" time="0.469"/>
</testsuite> <!-- Tests_Put -->
