<?xml version="1.0" encoding="UTF-8"?>
<!-- Generated by org.testng.reporters.JUnitReportReporter -->
<testsuite hostname="IN-HVB0BK3" failures="0" tests="1" name="Tests_GET" time="0.224" errors="0" timestamp="2024-10-12T17:29:34 IST" skipped="0">
  <testcase classname="Tests_GET" name="test_1" time="0.224"/>
</testsuite> <!-- Tests_GET -->
