<?xml version="1.0" encoding="UTF-8"?>
<!-- Generated by org.testng.reporters.JUnitReportReporter -->
<testsuite hostname="IN-HVB0BK3" failures="0" tests="1" name="com.Tests_GET" time="0.228" errors="0" timestamp="2024-10-12T17:23:15 IST" skipped="0">
  <testcase classname="com.Tests_GET" name="test_1" time="0.228"/>
</testsuite> <!-- com.Tests_GET -->
